<?xml version="1.0" encoding="UTF-8"?>
<testng-results skipped="0" failed="0" total="1" passed="1">
  <reporter-output>
  </reporter-output>
  <suite name="Suite" duration-ms="19782" started-at="2023-04-21T10:22:19Z" finished-at="2023-04-21T10:22:39Z">
    <groups>
    </groups>
    <test name="Test" duration-ms="19782" started-at="2023-04-21T10:22:19Z" finished-at="2023-04-21T10:22:39Z">
      <class name="takamol.TC02_TakamolE2E_IICServiceRequest">
        <test-method status="PASS" signature="beforeSuite()[pri:0, instance:[TC02_TakamolE2E_IICServiceRequest passed=0 failed=0 skipped=0]]" name="beforeSuite" is-config="true" duration-ms="22" started-at="2023-04-21T15:52:19Z" finished-at="2023-04-21T15:52:20Z">
          <reporter-output>
          </reporter-output>
        </test-method> <!-- beforeSuite -->
        <test-method status="PASS" signature="testCaseFlow(java.lang.String, java.lang.String, java.lang.String, java.lang.String, java.lang.String)[pri:0, instance:[TC02_TakamolE2E_IICServiceRequest passed=0 failed=0 skipped=0]]" name="testCaseFlow" duration-ms="19642" started-at="2023-04-21T15:52:20Z" finished-at="2023-04-21T15:52:39Z">
          <params>
            <param index="0">
              <value>
                <![CDATA[CHROME]]>
              </value>
            </param>
            <param index="1">
              <value>
                <![CDATA[TC02_TakamolE2E_IICServiceRequest]]>
              </value>
            </param>
            <param index="2">
              <value>
                <![CDATA[https://takamol-qa.appcino-tech.com:433/rehab/auth/login]]>
              </value>
            </param>
            <param index="3">
              <value>
                <![CDATA[automationtaheel@gmail.com]]>
              </value>
            </param>
            <param index="4">
              <value>
                <![CDATA[UXdlcnR5QDEyMw==]]>
              </value>
            </param>
          </params>
          <reporter-output>
          </reporter-output>
        </test-method> <!-- testCaseFlow -->
        <test-method status="PASS" signature="tearDown(org.testng.ITestResult)[pri:0, instance:[TC02_TakamolE2E_IICServiceRequest passed=0 failed=0 skipped=0]]" name="tearDown" is-config="true" duration-ms="103" started-at="2023-04-21T15:52:39Z" finished-at="2023-04-21T15:52:39Z">
          <params>
            <param index="0">
              <value>
                <![CDATA[[TestResult name=testCaseFlow on [TC02_TakamolE2E_IICServiceRequest passed=0 failed=0 skipped=0] status=SUCCESS method=TC02_TakamolE2E_IICServiceRequest.testCaseFlow(java.lang.String, java.lang.String, java.lang.String, java.lang.String, java.lang.String)[pri:0, instance:[TC02_TakamolE2E_IICServiceRequest passed=0 failed=0 skipped=0]] output={null}]]]>
              </value>
            </param>
          </params>
          <reporter-output>
          </reporter-output>
        </test-method> <!-- tearDown -->
        <test-method status="PASS" signature="sendEmail(java.lang.String, java.lang.String, java.lang.String, java.lang.String)[pri:0, instance:[TC02_TakamolE2E_IICServiceRequest passed=0 failed=0 skipped=0]]" name="sendEmail" is-config="true" duration-ms="13993" started-at="2023-04-21T15:52:39Z" finished-at="2023-04-21T15:52:53Z">
          <params>
            <param index="0">
              <value>
                <![CDATA[arjit.yadav@appcino.com]]>
              </value>
            </param>
            <param index="1">
              <value>
                <![CDATA[yadavarjit@gmail.com]]>
              </value>
            </param>
            <param index="2">
              <value>
                <![CDATA[appcinoqa@gmail.com]]>
              </value>
            </param>
            <param index="3">
              <value>
                <![CDATA[eypulhncecqpbjkk]]>
              </value>
            </param>
          </params>
          <reporter-output>
          </reporter-output>
        </test-method> <!-- sendEmail -->
      </class> <!-- takamol.TC02_TakamolE2E_IICServiceRequest -->
    </test> <!-- Test -->
  </suite> <!-- Suite -->
</testng-results>
